irun(64): 15.20-s084: (c) Copyright 1995-2020 Cadence Design Systems, Inc.
TOOL:	irun(64)	15.20-s084: Started on Apr 12, 2022 at 21:44:34 CST
irun
	+nc64bit
	+incdir+/usr/cadtool/cadence/STRATUS/cur/tools.lnx86/stratus/lib
	+incdir+bdw_work/wrappers
	+access+rw
	+loadpli1=/usr/cadtool/cadence/STRATUS/cur/tools.lnx86/stratus/lib/64bit/ncvlog_ssl:ssl_bootstrap
	+ncinput+bdw_work/sims/V_UNROLL/ncverilog.do
	+nclibdirname+bdw_work/sims/V_UNROLL
	-f bdw_work/sims/V_UNROLL/siminfo
		bdw_work/sims/top_V_UNROLL.v
		bdw_work/wrappers/GaussFilter_cosim.v
		bdw_work/modules/GaussFilter/UNROLL/GaussFilter_rtl.v
	+libext+.v
	+define+ioConfig
	+define+BDW_RTL_GaussFilter_UNROLL
	+nowarn+LIBNOU
	+hubSetOption+libdef=bdw_work/sims/V_UNROLL/sim_V_UNROLL.so,argv=../lena_std_short.bmp%out.bmp
	+hubSetOption+bdr=bdw_work/sims/V_UNROLL/sim.bdr
	-l bdw_work/sims/V_UNROLL/bdw_sim_verilog.log

   User defined plus("+") options:
	+hubSetOption+libdef=bdw_work/sims/V_UNROLL/sim_V_UNROLL.so,argv=../lena_std_short.bmp%out.bmp
	+hubSetOption+bdr=bdw_work/sims/V_UNROLL/sim.bdr

Recompiling... reason: file './bdw_work/modules/GaussFilter/UNROLL/GaussFilter_rtl.v' is newer than expected.
	expected: Tue Apr 12 21:35:28 2022
	actual:   Tue Apr 12 21:44:20 2022
file: bdw_work/modules/GaussFilter/UNROLL/GaussFilter_rtl.v
ncvlog: *W,SPDUSD: Include directory bdw_work/wrappers given but not used.
	Total errors/warnings found outside modules and primitives:
		errors: 0, warnings: 1
*** Registering Hub PLI1.0 Interface***
		Caching library 'worklib' ....... Done
	Elaborating the design hierarchy:
	Top level design units:
		top
	Building instance overlay tables: .................... Done
	Building instance specific data structures.
	Loading native compiled code:     .................... Done
	Design hierarchy summary:
		                 Instances  Unique
		Modules:                 3       3
		Registers:             160     160
		Scalar wires:           23       -
		Vectored wires:          7       -
		Always blocks:          45      45
		Initial blocks:          7       7
		Cont. assignments:      18      24
		Pseudo assignments:      5       5
		Simulation timescale:  1ps
	Writing initial simulation snapshot: worklib.top:v
Loading snapshot worklib.top:v .................... Done
*Verdi* Loading libsscore_ius152.so
*** Registering Hub PLI1.0 Interface***
ncsim> source /usr/cad/cadence/INCISIV/INCISIVE_15.20.084/tools/inca/files/ncsimrc
ncsim> 
ncsim> run
NOTE: Cadence Design Systems Hub Simulation Platform : version 19.12-s100
Simulation stopped via $stop(1) at time 20971575100 PS + 0
./bdw_work/sims/top_V_UNROLL.v:63 		#100 $stop;
ncsim> quit
TOOL:	irun(64)	15.20-s084: Exiting on Apr 12, 2022 at 21:46:07 CST  (total: 00:01:33)
