make[2]: Nothing to be done for `bdw_work/wrappers/GaussFilter_wrap.h'.
make --no-print-directory -f Makefile -j1 hls_GaussFilter_PIPE
make[3]: `bdw_work/modules/GaussFilter/PIPE/GaussFilter_rtl.cpp' is up to date.
make[3]: `bdw_work/modules/GaussFilter/PIPE/GaussFilter_rtl.v' is up to date.
/usr/cadtool/cadence/STRATUS/cur/bin/bdw_shell /usr/cadtool/cadence/STRATUS/cur/share/stratus/tcl/bdw_siminfo.tcl project.tcl V_PIPE
make[3]: Nothing to be done for `bdw_work/wrappers/GaussFilter_wrap.h'.
make[3]: `bdw_work/modules/GaussFilter/PIPE/GaussFilter_rtl.v' is up to date.
make[3]: `bdw_work/sims/top_V_PIPE.v' is up to date.
make --no-print-directory -f Makefile incisive

BDW_SIM_CONFIG_DIR=bdw_work/sims/V_PIPE \
bdw_exec -jobproject project.tcl -job sim.V_PIPE.s \
/usr/cadtool/cadence/STRATUS/cur/bin/hub_ncverilog \
	-f bdw_work/sims/V_PIPE/siminfo \
+libext+.v   +define+ioConfig +define+BDW_RTL_GaussFilter_PIPE \
	+nowarn+LIBNOU  +hubSetOption+libdef=bdw_work/sims/V_PIPE/sim_V_PIPE.so,argv="../lena_std_short.bmp%out.bmp" +hubSetOption+bdr=bdw_work/sims/V_PIPE/sim.bdr \
	-l bdw_work/sims/V_PIPE/bdw_sim_verilog.log \
	2>&1 | tee bdw_work/sims/V_PIPE/bdw_sim.log
Operating system Centos 7,
 GCC 7.3.0,
 and Cadence NC/IUS 15.20
are a supported combination.
irun(64): 15.20-s084: (c) Copyright 1995-2020 Cadence Design Systems, Inc.
Loading snapshot worklib.top:v .................... Done
*Verdi* Loading libsscore_ius152.so
*** Registering Hub PLI1.0 Interface***
ncsim> source /usr/cad/cadence/INCISIV/INCISIVE_15.20.084/tools/inca/files/ncsimrc
ncsim> 
ncsim> run

        SystemC 2.3.1-Accellera --- Feb 14 2019 12:08:38
        Copyright (c) 1996-2014 by all Contributors,
        ALL RIGHTS RESERVED
NOTE: Cadence Design Systems Hub Simulation Platform : version 19.12-s100

Info: (I804) /IEEE_Std_1666/deprecated: deprecated constructor: sc_time(uint64,bool)

Info: /OSCI/SystemC: Simulation stopped by user.
Simulation stopped via $stop(1) at time 14417975100 PS + 0
./bdw_work/sims/top_V_PIPE.v:63 		#100 $stop;
ncsim> quit
Total run time = 14417910 ns
BDW_SIM_CONFIG_DIR=bdw_work/sims/V_PIPE make saySimPassed 2>&1 | tee -a bdw_work/sims/V_PIPE/bdw_sim.log
