Operating system Centos 7,
 GCC 7.3.0,
 and Cadence NC/IUS 15.20
are a supported combination.
irun(64): 15.20-s084: (c) Copyright 1995-2020 Cadence Design Systems, Inc.
file: bdw_work/sims/top_V_DPA.v
	module worklib.top:v
		errors: 0, warnings: 0
file: bdw_work/wrappers/GaussFilter_cosim.v
	module worklib.GaussFilter_cosim:v
		errors: 0, warnings: 0
file: bdw_work/modules/GaussFilter/DPA/GaussFilter_rtl.v
	module worklib.GaussFilter:v
		errors: 0, warnings: 0
file: bdw_work/modules/GaussFilter/DPA/v_rtl/GaussFilter_ROM_9X32_mask.v
	module worklib.GaussFilter_ROM_9X32_mask:v
		errors: 0, warnings: 0
ncvlog: *W,SPDUSD: Include directory bdw_work/wrappers given but not used.
	Total errors/warnings found outside modules and primitives:
		errors: 0, warnings: 1
*** Registering Hub PLI1.0 Interface***
		Caching library 'worklib' ....... Done
	Elaborating the design hierarchy:
	Top level design units:
		top
	Building instance overlay tables: ....................
            $readmemh("bdw_work/modules/GaussFilter/DPA/GaussFilter_ROM_9X32_mask_0.memh", mask);
                                                                                              |
ncelab: *W,MEMODR (./bdw_work/modules/GaussFilter/DPA/v_rtl/GaussFilter_ROM_9X32_mask.v,17|94): $readmem default memory order incompatible with IEEE1364.
 Done
	Generating native compiled code:
		worklib.GaussFilter:v <0x189d7337>
			streams:  49, words: 17015
		worklib.GaussFilter_ROM_9X32_mask:v <0x649c8196>
			streams:   3, words:   924
		worklib.top:v <0x1b484c11>
			streams: 114, words: 98503
	Building instance specific data structures.
	Loading native compiled code:     .................... Done
	Design hierarchy summary:
		                 Instances  Unique
		Modules:                 4       4
		Registers:             151     151
		Scalar wires:           20       -
		Vectored wires:         11       -
		Always blocks:          35      35
		Initial blocks:          8       8
		Cont. assignments:      16      24
		Pseudo assignments:      5       5
		Simulation timescale:  1ps
	Writing initial simulation snapshot: worklib.top:v
Loading snapshot worklib.top:v .................... Done
*Verdi* Loading libsscore_ius152.so
*** Registering Hub PLI1.0 Interface***
ncsim> source /usr/cad/cadence/INCISIV/INCISIVE_15.20.084/tools/inca/files/ncsimrc
ncsim> 
ncsim> run

        SystemC 2.3.1-Accellera --- Feb 14 2019 12:08:38
        Copyright (c) 1996-2014 by all Contributors,
        ALL RIGHTS RESERVED
NOTE: Cadence Design Systems Hub Simulation Platform : version 19.12-s100

Info: (I804) /IEEE_Std_1666/deprecated: deprecated constructor: sc_time(uint64,bool)

Info: /OSCI/SystemC: Simulation stopped by user.
Simulation stopped via $stop(1) at time 24903735100 PS + 0
./bdw_work/sims/top_V_DPA.v:63 		#100 $stop;
ncsim> quit
Total run time = 24903670 ns
