=========================================================
Scheduler report file
Generated by stratus_hls 19.12-s100  (91710.131054)
On:          Tue Apr 12 21:20:33 2022
Project Dir: /home/u107/u107061139/EE6470/hw3/stratus
Module:      GaussFilter
HLS Config:  BASIC
=========================================================
Scheduler report for : gen_prev_trig_reg                                                                          
----------------------------------------                                                                                            
                                                                                                                  
Op                    SID(BB;Clocked)  Pipeline Stage  IS     SRCLOC                                              
--                    ---------------  --------------  --     ------                                              
                                                                                                                  
o_rgb.m_req.gen_prev  6 (5:FALSE)      --              FALSE  ../GaussFilter.h,l:19,c:38                          
                                                                                                                  
o_rgb.m_req.gen_prev  12 (11:FALSE)    --              FALSE  ../GaussFilter.h,l:19,c:38                          
                                                                                                                  
o_rgb.m_req.gen_prev  12 (11:FALSE)    --              FALSE  ../GaussFilter.h,l:19,c:38                          
                                                                                                                  
                                                                                                                  
Scheduler report for : gen_active                                                                                 
---------------------------------                                                                                            
                                                                                                                  
Op                    SID(BB;Clocked)  Pipeline Stage  IS     SRCLOC                                              
--                    ---------------  --------------  --     ------                                              
                                                                                                                  
o_rgb.m_req.gen_acti  4 (3:FALSE)      --              FALSE  ../GaussFilter.h,l:19,c:38                          
                                                                                                                  
o_rgb.m_req.gen_acti  4 (3:FALSE)      --              FALSE  ../GaussFilter.h,l:19,c:38                          
                                                                                                                  
o_rgb.m_req.gen_acti  4 (3:FALSE)      --              FALSE  ../GaussFilter.h,l:19,c:38                          
                                                                                                                  
o_rgb.m_req.gen_acti  4 (3:FALSE)      --              FALSE  ../GaussFilter.h,l:19,c:38                          
                                                                                                                  
                                                                                                                  
Scheduler report for : gen_vld                                                                                    
------------------------------                                                                                            
                                                                                                                  
Op                    SID(BB;Clocked)  Pipeline Stage  IS     SRCLOC                                              
--                    ---------------  --------------  --     ------                                              
                                                                                                                  
o_rgb.gen_vld         4 (3:FALSE)      --              FALSE  ../GaussFilter.h,l:19,c:38                          
                                                                                                                  
o_rgb.gen_vld         4 (3:FALSE)      --              FALSE  ../GaussFilter.h,l:19,c:38                          
                                                                                                                  
o_rgb.gen_vld         4 (3:FALSE)      --              FALSE  ../GaussFilter.h,l:19,c:38                          
                                                                                                                  
o_rgb.gen_vld         4 (3:FALSE)      --              FALSE  ../GaussFilter.h,l:19,c:38                          
                                                                                                                  
                                                                                                                  
Scheduler report for : gen_next_trig_reg                                                                          
----------------------------------------                                                                                            
                                                                                                                  
Op                    SID(BB;Clocked)  Pipeline Stage  IS     SRCLOC                                              
--                    ---------------  --------------  --     ------                                              
                                                                                                                  
o_rgb.m_req.gen_next  3 (2:TRUE)       --              FALSE  ../GaussFilter.h,l:19,c:38                          
                                                                                                                  
o_rgb.m_req.gen_next  3 (2:TRUE)       --              FALSE  ../GaussFilter.h,l:19,c:38                          
                                                                                                                  
o_rgb.m_req.gen_next  3 (2:TRUE)       --              FALSE  ../GaussFilter.h,l:19,c:38                          
                                                                                                                  
                                                                                                                  
Scheduler report for : gen_unvalidated_req                                                                        
------------------------------------------                                                                                            
                                                                                                                  
Op                    SID(BB;Clocked)  Pipeline Stage  IS     SRCLOC                                              
--                    ---------------  --------------  --     ------                                              
                                                                                                                  
i_rgb.gen_unvalidate  8 (7:FALSE)      --              FALSE  ../GaussFilter.h,l:18,c:37                          
                                                                                                                  
i_rgb                 10 (9:FALSE)     --              FALSE  ../GaussFilter.h,l:18,c:37                          
                                                                                                                  
i_rgb.gen_unvalidate  11 (10:TRUE)     --              FALSE  ../GaussFilter.h,l:18,c:37                          
                                                                                                                  
i_rgb.gen_unvalidate  14 (13:FALSE)    --              FALSE  ../GaussFilter.h,l:18,c:37                          
                                                                                                                  
i_rgb.gen_unvalidate  14 (13:FALSE)    --              FALSE  ../GaussFilter.h,l:18,c:37                          
                                                                                                                  
i_rgb.gen_unvalidate  14 (13:FALSE)    --              FALSE  ../GaussFilter.h,l:18,c:37                          
                                                                                                                  
i_rgb.gen_unvalidate  14 (13:FALSE)    --              FALSE  ../GaussFilter.h,l:18,c:37                          
                                                                                                                  
                                                                                                                  
Scheduler report for : gen_do_stall_reg_full                                                                      
--------------------------------------------                                                                                            
                                                                                                                  
Op                    SID(BB;Clocked)  Pipeline Stage  IS     SRCLOC                                              
--                    ---------------  --------------  --     ------                                              
                                                                                                                  
i_rgb.gen_do_stall_r  6 (5:FALSE)      --              FALSE  ../GaussFilter.h,l:18,c:37                          
                                                                                                                  
i_rgb.gen_do_stall_r  12 (11:FALSE)    --              FALSE  ../GaussFilter.h,l:18,c:37                          
                                                                                                                  
i_rgb.gen_do_stall_r  12 (11:FALSE)    --              FALSE  ../GaussFilter.h,l:18,c:37                          
                                                                                                                  
i_rgb.gen_do_stall_r  12 (11:FALSE)    --              FALSE  ../GaussFilter.h,l:18,c:37                          
                                                                                                                  
i_rgb.gen_do_stall_r  12 (11:FALSE)    --              FALSE  ../GaussFilter.h,l:18,c:37                          
                                                                                                                  
                                                                                                                  
Scheduler report for : do_filter                                                                                  
--------------------------------                                                                                            
                                                                                                                  
Op                    SID(BB;Clocked)  Pipeline Stage  IS     SRCLOC                                              
--                    ---------------  --------------  --     ------                                              
                                                                                                                  
i_rgb.m_busy_req_0.r  3 (2:FALSE)      --              FALSE  @(f:../GaussFilter.h,l:18,c:37->f:/usr/cadtool/cad  
                                                                                                                  
i_rgb.m_stalling.res  3 (2:FALSE)      --              FALSE  @(f:../GaussFilter.h,l:18,c:37->f:/usr/cadtool/cad  
                                                                                                                  
o_rgb.m_req.m_trig_r  3 (2:FALSE)      --              FALSE  @(f:../GaussFilter.h,l:19,c:38->f:/usr/cadtool/cad  
                                                                                                                  
mask                  5 (4:FALSE)      --              FALSE  ../GaussFilter.cpp,l:24,c:11 -> l:35,c:2            
                                                                                                                  
v                     5 (4:FALSE)      --              FALSE  ../GaussFilter.cpp,l:39,c:21 -> c:23                
                                                                                                                  
red                   5 (4:FALSE)      --              FALSE  ../GaussFilter.h,l:30,c:6                           
                                                                                                                  
green                 5 (4:FALSE)      --              FALSE  ../GaussFilter.h,l:30,c:11                          
                                                                                                                  
blue                  5 (4:FALSE)      --              FALSE  ../GaussFilter.h,l:30,c:18                          
                                                                                                                  
red                   6 (5:FALSE)      --              FALSE  ../GaussFilter.h,l:30,c:6                           
                                                                                                                  
green                 6 (5:FALSE)      --              FALSE  ../GaussFilter.h,l:30,c:11                          
                                                                                                                  
blue                  6 (5:FALSE)      --              FALSE  ../GaussFilter.h,l:30,c:18                          
                                                                                                                  
v                     6 (5:FALSE)      --              FALSE  ../GaussFilter.cpp,l:39,c:21 -> c:42                
                                                                                                                  
mask                  6 (5:FALSE)      --              FALSE  ../GaussFilter.cpp,l:24,c:11 -> l:39,c:3            
                                                                                                                  
u                     6 (5:FALSE)      --              FALSE  ../GaussFilter.cpp,l:40,c:22 -> c:24                
                                                                                                                  
red                   7 (6:FALSE)      --              FALSE  ../GaussFilter.h,l:30,c:6                           
                                                                                                                  
green                 7 (6:FALSE)      --              FALSE  ../GaussFilter.h,l:30,c:11                          
                                                                                                                  
blue                  7 (6:FALSE)      --              FALSE  ../GaussFilter.h,l:30,c:18                          
                                                                                                                  
u                     7 (6:FALSE)      --              FALSE  ../GaussFilter.cpp,l:40,c:22 -> c:43                
                                                                                                                  
mask                  7 (6:FALSE)      --              FALSE  ../GaussFilter.cpp,l:24,c:11 -> l:59,c:36           
                                                                                                                  
mask                  7 (6:FALSE)      --              FALSE  ../GaussFilter.cpp,l:24,c:11                        
                                                                                                                  
                      7 (6:FALSE)      --              FALSE  f:../GaussFilter.cpp,l:40,c:41                      
                                                                                                                  
i_rgb.m_busy_req_0.g  8 (7:FALSE)      --              FALSE  @(f:../GaussFilter.h,l:18,c:37->f:/usr/cadtool/cad  
                                                                                                                  
i_rgb                 10 (9:TRUE)      --              FALSE  ../GaussFilter.h,l:18,c:37                          
                                                                                                                  
do_filter::get        10 (9:TRUE)      --              FALSE  ../GaussFilter.cpp,l:26,c:19 mapped                 
                                                                                                                  
mask                  10 (9:TRUE)      --              FALSE  ../GaussFilter.cpp,l:24,c:11                        
                                                                                                                  
i_rgb.m_busy_req_0.g  11 (10:FALSE)    --              FALSE  @(f:../GaussFilter.h,l:18,c:37->f:/usr/cadtool/cad  
                                                                                                                  
                      13 (12:FALSE)    --              FALSE  f:../GaussFilter.cpp,l:39,c:40                      
                                                                                                                  
i_rgb.data.get::nb_g  13 (12:FALSE)    --              FALSE  @(f:../GaussFilter.h,l:18,c:37->f:/usr/cadtool/cad  
                                                                                                                  
mask                  14 (13:TRUE)     --              FALSE  ../GaussFilter.cpp,l:24,c:11                        
                                                                                                                  
                      14 (13:TRUE)     --              FALSE  f:../GaussFilter.cpp,l:59,c:27                      
                                                                                                                  
                      14 (13:TRUE)     --              FALSE  f:../GaussFilter.cpp,l:59,c:9                       
                                                                                                                  
                      15 (14:TRUE)     --              FALSE  f:../GaussFilter.cpp,l:60,c:30                      
                                                                                                                  
                      15 (14:TRUE)     --              FALSE  f:../GaussFilter.cpp,l:60,c:11                      
                                                                                                                  
                      16 (14:TRUE)     --              FALSE  f:../GaussFilter.cpp,l:65,c:47                      
                                                                                                                  
                      16 (14:TRUE)     --              FALSE  f:../GaussFilter.cpp,l:61,c:31                      
                                                                                                                  
                      16 (14:TRUE)     --              FALSE  f:../GaussFilter.cpp,l:61,c:10                      
                                                                                                                  
                      17 (14:TRUE)     --              FALSE  f:../GaussFilter.cpp,l:40,c:31                      
                                                                                                                  
                      17 (14:TRUE)     --              FALSE  f:../GaussFilter.cpp,l:65,c:47                      
                                                                                                                  
                      19 (16:FALSE)    --              FALSE  f:../GaussFilter.cpp,l:39,c:30                      
                                                                                                                  
                      21 (18:FALSE)    --              FALSE  f:../GaussFilter.cpp,l:66,c:50                      
                                                                                                                  
                      21 (18:FALSE)    --              FALSE  f:../GaussFilter.cpp,l:65,c:47                      
                                                                                                                  
max                   21 (18:FALSE)    --              FALSE  ../GaussFilter.cpp,l:65,c:30                        
                                                                                                                  
f:../GaussFilter.cpp  21 (18:FALSE)    --              FALSE  & max @c:30                                         
                                                                                                                  
min                   21 (18:FALSE)    --              FALSE  ../GaussFilter.cpp,l:65,c:21                        
                                                                                                                  
f:../GaussFilter.cpp  21 (18:FALSE)    --              FALSE  & min @c:21                                         
                                                                                                                  
                      22 (18:TRUE)     --              FALSE  f:../GaussFilter.cpp,l:66,c:50                      
                                                                                                                  
                      22 (18:TRUE)     --              FALSE  f:../GaussFilter.cpp,l:67,c:50                      
                                                                                                                  
                      22 (18:TRUE)     --              FALSE  f:../GaussFilter.cpp,l:66,c:50                      
                                                                                                                  
max                   22 (18:TRUE)     --              FALSE  ../GaussFilter.cpp,l:66,c:31                        
                                                                                                                  
f:../GaussFilter.cpp  22 (18:TRUE)     --              FALSE  & max @c:31                                         
                                                                                                                  
min                   22 (18:TRUE)     --              FALSE  ../GaussFilter.cpp,l:66,c:22                        
                                                                                                                  
f:../GaussFilter.cpp  22 (18:TRUE)     --              FALSE  & min @c:22                                         
                                                                                                                  
                      23 (18:TRUE)     --              FALSE  f:../GaussFilter.cpp,l:67,c:50                      
                                                                                                                  
                      23 (18:TRUE)     --              FALSE  f:../GaussFilter.cpp,l:67,c:50                      
                                                                                                                  
max                   23 (18:TRUE)     --              FALSE  ../GaussFilter.cpp,l:67,c:32                        
                                                                                                                  
f:../GaussFilter.cpp  23 (18:TRUE)     --              FALSE  & max @c:32                                         
                                                                                                                  
min                   23 (18:TRUE)     --              FALSE  ../GaussFilter.cpp,l:67,c:23                        
                                                                                                                  
f:../GaussFilter.cpp  23 (18:TRUE)     --              FALSE  & min @c:23                                         
                                                                                                                  
rgb                   23 (18:TRUE)     --              FALSE  ../GaussFilter.cpp,l:64,c:22 -> l:67,c:3            
                                                                                                                  
o_rgb.data.put::nb_p  24 (19:FALSE)    --              FALSE  @(f:../GaussFilter.h,l:19,c:38->f:/usr/cadtool/cad  
                                                                                                                  
o_rgb                 24 (19:FALSE)    --              FALSE  ../GaussFilter.h,l:19,c:38                          
                                                                                                                  
o_rgb.m_req.m_trig_r  24 (19:FALSE)    --              FALSE  @(f:../GaussFilter.h,l:19,c:38->f:/usr/cadtool/cad  
                                                                                                                  
o_rgb                 26 (21:TRUE)     --              FALSE  ../GaussFilter.h,l:19,c:38                          
                                                                                                                  
do_filter::put        26 (21:TRUE)     --              FALSE  ../GaussFilter.cpp,l:26,c:19 mapped                 
                                                                                                                  
                                                                                                                  
Scheduler report for : gen_stalling                                                                               
-----------------------------------                                                                                            
                                                                                                                  
Op                    SID(BB;Clocked)  Pipeline Stage  IS     SRCLOC                                              
--                    ---------------  --------------  --     ------                                              
                                                                                                                  
o_rgb.gen_stalling    5 (4:TRUE)       --              FALSE  ../GaussFilter.h,l:19,c:38                          
                                                                                                                  
o_rgb.gen_stalling    6 (5:FALSE)      --              FALSE  ../GaussFilter.h,l:19,c:38                          
                                                                                                                  
o_rgb.gen_stalling    6 (5:FALSE)      --              FALSE  ../GaussFilter.h,l:19,c:38                          
                                                                                                                  
o_rgb.gen_stalling    6 (5:FALSE)      --              FALSE  ../GaussFilter.h,l:19,c:38                          
                                                                                                                  
                                                                                                                  
Scheduler report for : gen_unacked_req                                                                            
--------------------------------------                                                                                            
                                                                                                                  
Op                    SID(BB;Clocked)  Pipeline Stage  IS     SRCLOC                                              
--                    ---------------  --------------  --     ------                                              
                                                                                                                  
o_rgb.gen_unacked_re  6 (5:FALSE)      --              FALSE  ../GaussFilter.h,l:19,c:38                          
                                                                                                                  
o_rgb.gen_unacked_re  12 (11:FALSE)    --              FALSE  ../GaussFilter.h,l:19,c:38                          
                                                                                                                  
o_rgb.gen_unacked_re  12 (11:FALSE)    --              FALSE  ../GaussFilter.h,l:19,c:38                          
                                                                                                                  
                                                                                                                  
Scheduler report for : gen_do_reg_vld                                                                             
-------------------------------------                                                                                            
                                                                                                                  
Op                    SID(BB;Clocked)  Pipeline Stage  IS     SRCLOC                                              
--                    ---------------  --------------  --     ------                                              
                                                                                                                  
i_rgb.gen_do_reg_vld  8 (7:FALSE)      --              FALSE  ../GaussFilter.h,l:18,c:37                          
                                                                                                                  
i_rgb                 10 (9:FALSE)     --              FALSE  ../GaussFilter.h,l:18,c:37                          
                                                                                                                  
i_rgb.gen_do_reg_vld  11 (10:TRUE)     --              FALSE  ../GaussFilter.h,l:18,c:37                          
                                                                                                                  
i_rgb.gen_do_reg_vld  14 (13:FALSE)    --              FALSE  ../GaussFilter.h,l:18,c:37                          
                                                                                                                  
i_rgb.gen_do_reg_vld  14 (13:FALSE)    --              FALSE  ../GaussFilter.h,l:18,c:37                          
                                                                                                                  
i_rgb.gen_do_reg_vld  14 (13:FALSE)    --              FALSE  ../GaussFilter.h,l:18,c:37                          
                                                                                                                  
i_rgb.gen_do_reg_vld  14 (13:FALSE)    --              FALSE  ../GaussFilter.h,l:18,c:37                          
                                                                                                                  
                                                                                                                  
Scheduler report for : gen_busy                                                                                   
-------------------------------                                                                                            
                                                                                                                  
Op                    SID(BB;Clocked)  Pipeline Stage  IS     SRCLOC                                              
--                    ---------------  --------------  --     ------                                              
                                                                                                                  
i_rgb.gen_busy::use_  7 (6:FALSE)      --              FALSE  ../GaussFilter.h,l:18,c:37                          
                                                                                                                  
i_rgb.gen_busy        7 (6:FALSE)      --              FALSE  ../GaussFilter.h,l:18,c:37                          
                                                                                                                  
i_rgb.gen_busy        7 (6:FALSE)      --              FALSE  ../GaussFilter.h,l:18,c:37                          
                                                                                                                  
i_rgb.gen_busy        7 (6:FALSE)      --              FALSE  ../GaussFilter.h,l:18,c:37                          
                                                                                                                  
i_rgb.gen_busy        7 (6:FALSE)      --              FALSE  ../GaussFilter.h,l:18,c:37                          
                                                                                                                  
i_rgb.gen_busy        7 (6:FALSE)      --              FALSE  ../GaussFilter.h,l:18,c:37                          
                                                                                                                  
i_rgb.gen_busy        7 (6:FALSE)      --              FALSE  ../GaussFilter.h,l:18,c:37                          
                                                                                                                  
i_rgb.gen_busy        8 (7:FALSE)      --              FALSE  ../GaussFilter.h,l:18,c:37                          
                                                                                                                  
i_rgb.gen_busy        8 (7:FALSE)      --              FALSE  ../GaussFilter.h,l:18,c:37                          
                                                                                                                  
i_rgb.gen_busy        8 (7:FALSE)      --              FALSE  ../GaussFilter.h,l:18,c:37                          
                                                                                                                  
i_rgb.gen_busy        8 (7:FALSE)      --              FALSE  ../GaussFilter.h,l:18,c:37                          
                                                                                                                  
                                                                                                                  
