irun(64): 15.20-s084: (c) Copyright 1995-2020 Cadence Design Systems, Inc.
TOOL:	irun(64)	15.20-s084: Started on Apr 12, 2022 at 21:25:18 CST
irun
	+nc64bit
	+incdir+/usr/cadtool/cadence/STRATUS/cur/tools.lnx86/stratus/lib
	+incdir+bdw_work/wrappers
	+access+rw
	+loadpli1=/usr/cadtool/cadence/STRATUS/cur/tools.lnx86/stratus/lib/64bit/ncvlog_ssl:ssl_bootstrap
	+ncinput+bdw_work/sims/V_DPA/ncverilog.do
	+nclibdirname+bdw_work/sims/V_DPA
	-f bdw_work/sims/V_DPA/siminfo
		bdw_work/sims/top_V_DPA.v
		bdw_work/wrappers/GaussFilter_cosim.v
		bdw_work/modules/GaussFilter/DPA/GaussFilter_rtl.v
		bdw_work/modules/GaussFilter/DPA/v_rtl/GaussFilter_ROM_9X32_mask.v
	+libext+.v
	+define+ioConfig
	+define+BDW_RTL_GaussFilter_DPA
	+nowarn+LIBNOU
	+hubSetOption+libdef=bdw_work/sims/V_DPA/sim_V_DPA.so,argv=../lena_std_short.bmp%out.bmp
	+hubSetOption+bdr=bdw_work/sims/V_DPA/sim.bdr
	-l bdw_work/sims/V_DPA/bdw_sim_verilog.log

   User defined plus("+") options:
	+hubSetOption+libdef=bdw_work/sims/V_DPA/sim_V_DPA.so,argv=../lena_std_short.bmp%out.bmp
	+hubSetOption+bdr=bdw_work/sims/V_DPA/sim.bdr

file: bdw_work/sims/top_V_DPA.v
	module worklib.top:v
		errors: 0, warnings: 0
file: bdw_work/wrappers/GaussFilter_cosim.v
	module worklib.GaussFilter_cosim:v
		errors: 0, warnings: 0
file: bdw_work/modules/GaussFilter/DPA/GaussFilter_rtl.v
	module worklib.GaussFilter:v
		errors: 0, warnings: 0
file: bdw_work/modules/GaussFilter/DPA/v_rtl/GaussFilter_ROM_9X32_mask.v
	module worklib.GaussFilter_ROM_9X32_mask:v
		errors: 0, warnings: 0
ncvlog: *W,SPDUSD: Include directory bdw_work/wrappers given but not used.
	Total errors/warnings found outside modules and primitives:
		errors: 0, warnings: 1
*** Registering Hub PLI1.0 Interface***
		Caching library 'worklib' ....... Done
	Elaborating the design hierarchy:
	Top level design units:
		top
	Building instance overlay tables: ....................
            $readmemh("bdw_work/modules/GaussFilter/DPA/GaussFilter_ROM_9X32_mask_0.memh", mask);
                                                                                              |
ncelab: *W,MEMODR (./bdw_work/modules/GaussFilter/DPA/v_rtl/GaussFilter_ROM_9X32_mask.v,17|94): $readmem default memory order incompatible with IEEE1364.
 Done
	Generating native compiled code:
		worklib.GaussFilter:v <0x189d7337>
			streams:  49, words: 17015
		worklib.GaussFilter_ROM_9X32_mask:v <0x649c8196>
			streams:   3, words:   924
		worklib.top:v <0x1b484c11>
			streams: 114, words: 98503
	Building instance specific data structures.
	Loading native compiled code:     .................... Done
	Design hierarchy summary:
		                 Instances  Unique
		Modules:                 4       4
		Registers:             151     151
		Scalar wires:           20       -
		Vectored wires:         11       -
		Always blocks:          35      35
		Initial blocks:          8       8
		Cont. assignments:      16      24
		Pseudo assignments:      5       5
		Simulation timescale:  1ps
	Writing initial simulation snapshot: worklib.top:v
Loading snapshot worklib.top:v .................... Done
*Verdi* Loading libsscore_ius152.so
*** Registering Hub PLI1.0 Interface***
ncsim> source /usr/cad/cadence/INCISIV/INCISIVE_15.20.084/tools/inca/files/ncsimrc
ncsim> 
ncsim> run
NOTE: Cadence Design Systems Hub Simulation Platform : version 19.12-s100
Simulation stopped via $stop(1) at time 24903735100 PS + 0
./bdw_work/sims/top_V_DPA.v:63 		#100 $stop;
ncsim> quit
TOOL:	irun(64)	15.20-s084: Exiting on Apr 12, 2022 at 21:27:02 CST  (total: 00:01:44)
