irun(64): 15.20-s084: (c) Copyright 1995-2020 Cadence Design Systems, Inc.
TOOL:	irun(64)	15.20-s084: Started on Apr 12, 2022 at 21:20:47 CST
irun
	+nc64bit
	+incdir+/usr/cadtool/cadence/STRATUS/cur/tools.lnx86/stratus/lib
	+incdir+bdw_work/wrappers
	+access+rw
	+loadpli1=/usr/cadtool/cadence/STRATUS/cur/tools.lnx86/stratus/lib/64bit/ncvlog_ssl:ssl_bootstrap
	+ncinput+bdw_work/sims/V_BASIC/ncverilog.do
	+nclibdirname+bdw_work/sims/V_BASIC
	-f bdw_work/sims/V_BASIC/siminfo
		bdw_work/sims/top_V_BASIC.v
		bdw_work/wrappers/GaussFilter_cosim.v
		bdw_work/modules/GaussFilter/BASIC/GaussFilter_rtl.v
		bdw_work/modules/GaussFilter/BASIC/v_rtl/GaussFilter_ROM_9X32_mask.v
	+libext+.v
	+define+ioConfig
	+define+BDW_RTL_GaussFilter_BASIC
	+nowarn+LIBNOU
	+hubSetOption+libdef=bdw_work/sims/V_BASIC/sim_V_BASIC.so,argv=../lena_std_short.bmp%out.bmp
	+hubSetOption+bdr=bdw_work/sims/V_BASIC/sim.bdr
	-l bdw_work/sims/V_BASIC/bdw_sim_verilog.log

   User defined plus("+") options:
	+hubSetOption+libdef=bdw_work/sims/V_BASIC/sim_V_BASIC.so,argv=../lena_std_short.bmp%out.bmp
	+hubSetOption+bdr=bdw_work/sims/V_BASIC/sim.bdr

file: bdw_work/sims/top_V_BASIC.v
	module worklib.top:v
		errors: 0, warnings: 0
file: bdw_work/wrappers/GaussFilter_cosim.v
	module worklib.GaussFilter_cosim:v
		errors: 0, warnings: 0
file: bdw_work/modules/GaussFilter/BASIC/GaussFilter_rtl.v
	module worklib.GaussFilter:v
		errors: 0, warnings: 0
file: bdw_work/modules/GaussFilter/BASIC/v_rtl/GaussFilter_ROM_9X32_mask.v
	module worklib.GaussFilter_ROM_9X32_mask:v
		errors: 0, warnings: 0
ncvlog: *W,SPDUSD: Include directory bdw_work/wrappers given but not used.
	Total errors/warnings found outside modules and primitives:
		errors: 0, warnings: 1
*** Registering Hub PLI1.0 Interface***
		Caching library 'worklib' ....... Done
	Elaborating the design hierarchy:
	Top level design units:
		top
	Building instance overlay tables: ....................
            $readmemh("bdw_work/modules/GaussFilter/BASIC/GaussFilter_ROM_9X32_mask_0.memh", mask);
                                                                                                |
ncelab: *W,MEMODR (./bdw_work/modules/GaussFilter/BASIC/v_rtl/GaussFilter_ROM_9X32_mask.v,17|96): $readmem default memory order incompatible with IEEE1364.
 Done
	Generating native compiled code:
		worklib.GaussFilter:v <0x48042545>
			streams:  63, words: 23046
		worklib.GaussFilter_ROM_9X32_mask:v <0x649c8196>
			streams:   3, words:   924
		worklib.top:v <0x5ee8f274>
			streams: 114, words: 98503
	Building instance specific data structures.
	Loading native compiled code:     .................... Done
	Design hierarchy summary:
		                 Instances  Unique
		Modules:                 4       4
		Registers:             158     158
		Scalar wires:           21       -
		Vectored wires:         12       -
		Always blocks:          42      42
		Initial blocks:          8       8
		Cont. assignments:      22      26
		Pseudo assignments:      5       5
		Simulation timescale:  1ps
	Writing initial simulation snapshot: worklib.top:v
Loading snapshot worklib.top:v .................... Done
*Verdi* Loading libsscore_ius152.so
*** Registering Hub PLI1.0 Interface***
ncsim> source /usr/cad/cadence/INCISIV/INCISIVE_15.20.084/tools/inca/files/ncsimrc
ncsim> 
ncsim> run
NOTE: Cadence Design Systems Hub Simulation Platform : version 19.12-s100
Simulation stopped via $stop(1) at time 32112695100 PS + 0
./bdw_work/sims/top_V_BASIC.v:63 		#100 $stop;
ncsim> quit
TOOL:	irun(64)	15.20-s084: Exiting on Apr 12, 2022 at 21:23:03 CST  (total: 00:02:16)
