=========================================================
Scheduler report file
Generated by stratus_hls 19.12-s100  (91710.131054)
On:          Tue Apr 12 21:44:19 2022
Project Dir: /home/u107/u107061139/EE6470/hw3/stratus
Module:      GaussFilter
HLS Config:  UNROLL
=========================================================
Scheduler report for : gen_prev_trig_reg                                                                          
----------------------------------------                                                                                            
                                                                                                                  
Op                    SID(BB;Clocked)  Pipeline Stage  IS     SRCLOC                                              
--                    ---------------  --------------  --     ------                                              
                                                                                                                  
o_rgb.m_req.gen_prev  6 (5:FALSE)      --              FALSE  ../GaussFilter.h,l:19,c:38                          
                                                                                                                  
o_rgb.m_req.gen_prev  12 (11:FALSE)    --              FALSE  ../GaussFilter.h,l:19,c:38                          
                                                                                                                  
o_rgb.m_req.gen_prev  12 (11:FALSE)    --              FALSE  ../GaussFilter.h,l:19,c:38                          
                                                                                                                  
                                                                                                                  
Scheduler report for : gen_active                                                                                 
---------------------------------                                                                                            
                                                                                                                  
Op                    SID(BB;Clocked)  Pipeline Stage  IS     SRCLOC                                              
--                    ---------------  --------------  --     ------                                              
                                                                                                                  
o_rgb.m_req.gen_acti  4 (3:FALSE)      --              FALSE  ../GaussFilter.h,l:19,c:38                          
                                                                                                                  
o_rgb.m_req.gen_acti  4 (3:FALSE)      --              FALSE  ../GaussFilter.h,l:19,c:38                          
                                                                                                                  
o_rgb.m_req.gen_acti  4 (3:FALSE)      --              FALSE  ../GaussFilter.h,l:19,c:38                          
                                                                                                                  
o_rgb.m_req.gen_acti  4 (3:FALSE)      --              FALSE  ../GaussFilter.h,l:19,c:38                          
                                                                                                                  
                                                                                                                  
Scheduler report for : gen_vld                                                                                    
------------------------------                                                                                            
                                                                                                                  
Op                    SID(BB;Clocked)  Pipeline Stage  IS     SRCLOC                                              
--                    ---------------  --------------  --     ------                                              
                                                                                                                  
o_rgb.gen_vld         4 (3:FALSE)      --              FALSE  ../GaussFilter.h,l:19,c:38                          
                                                                                                                  
o_rgb.gen_vld         4 (3:FALSE)      --              FALSE  ../GaussFilter.h,l:19,c:38                          
                                                                                                                  
o_rgb.gen_vld         4 (3:FALSE)      --              FALSE  ../GaussFilter.h,l:19,c:38                          
                                                                                                                  
o_rgb.gen_vld         4 (3:FALSE)      --              FALSE  ../GaussFilter.h,l:19,c:38                          
                                                                                                                  
                                                                                                                  
Scheduler report for : gen_next_trig_reg                                                                          
----------------------------------------                                                                                            
                                                                                                                  
Op                    SID(BB;Clocked)  Pipeline Stage  IS     SRCLOC                                              
--                    ---------------  --------------  --     ------                                              
                                                                                                                  
o_rgb.m_req.gen_next  3 (2:TRUE)       --              FALSE  ../GaussFilter.h,l:19,c:38                          
                                                                                                                  
o_rgb.m_req.gen_next  3 (2:TRUE)       --              FALSE  ../GaussFilter.h,l:19,c:38                          
                                                                                                                  
o_rgb.m_req.gen_next  3 (2:TRUE)       --              FALSE  ../GaussFilter.h,l:19,c:38                          
                                                                                                                  
                                                                                                                  
Scheduler report for : gen_unvalidated_req                                                                        
------------------------------------------                                                                                            
                                                                                                                  
Op                    SID(BB;Clocked)  Pipeline Stage  IS     SRCLOC                                              
--                    ---------------  --------------  --     ------                                              
                                                                                                                  
i_rgb.gen_unvalidate  8 (7:FALSE)      --              FALSE  ../GaussFilter.h,l:18,c:37                          
                                                                                                                  
i_rgb                 10 (9:FALSE)     --              FALSE  ../GaussFilter.h,l:18,c:37                          
                                                                                                                  
i_rgb.gen_unvalidate  11 (10:TRUE)     --              FALSE  ../GaussFilter.h,l:18,c:37                          
                                                                                                                  
i_rgb.gen_unvalidate  14 (13:FALSE)    --              FALSE  ../GaussFilter.h,l:18,c:37                          
                                                                                                                  
i_rgb.gen_unvalidate  14 (13:FALSE)    --              FALSE  ../GaussFilter.h,l:18,c:37                          
                                                                                                                  
i_rgb.gen_unvalidate  14 (13:FALSE)    --              FALSE  ../GaussFilter.h,l:18,c:37                          
                                                                                                                  
i_rgb.gen_unvalidate  14 (13:FALSE)    --              FALSE  ../GaussFilter.h,l:18,c:37                          
                                                                                                                  
                                                                                                                  
Scheduler report for : gen_do_stall_reg_full                                                                      
--------------------------------------------                                                                                            
                                                                                                                  
Op                    SID(BB;Clocked)  Pipeline Stage  IS     SRCLOC                                              
--                    ---------------  --------------  --     ------                                              
                                                                                                                  
i_rgb.gen_do_stall_r  6 (5:FALSE)      --              FALSE  ../GaussFilter.h,l:18,c:37                          
                                                                                                                  
i_rgb.gen_do_stall_r  12 (11:FALSE)    --              FALSE  ../GaussFilter.h,l:18,c:37                          
                                                                                                                  
i_rgb.gen_do_stall_r  12 (11:FALSE)    --              FALSE  ../GaussFilter.h,l:18,c:37                          
                                                                                                                  
i_rgb.gen_do_stall_r  12 (11:FALSE)    --              FALSE  ../GaussFilter.h,l:18,c:37                          
                                                                                                                  
i_rgb.gen_do_stall_r  12 (11:FALSE)    --              FALSE  ../GaussFilter.h,l:18,c:37                          
                                                                                                                  
                                                                                                                  
Scheduler report for : do_filter                                                                                  
--------------------------------                                                                                            
                                                                                                                  
Op                    SID(BB;Clocked)  Pipeline Stage  IS     SRCLOC                                              
--                    ---------------  --------------  --     ------                                              
                                                                                                                  
i_rgb.m_busy_req_0.r  3 (2:FALSE)      --              FALSE  @(f:../GaussFilter.h,l:18,c:37->f:/usr/cadtool/cad  
                                                                                                                  
i_rgb.m_stalling.res  3 (2:FALSE)      --              FALSE  @(f:../GaussFilter.h,l:18,c:37->f:/usr/cadtool/cad  
                                                                                                                  
o_rgb.m_req.m_trig_r  3 (2:FALSE)      --              FALSE  @(f:../GaussFilter.h,l:19,c:38->f:/usr/cadtool/cad  
                                                                                                                  
v                     5 (4:FALSE)      --              FALSE  ../GaussFilter.cpp,l:39,c:21 -> c:23                
                                                                                                                  
red                   5 (4:FALSE)      --              FALSE  ../GaussFilter.h,l:30,c:6                           
                                                                                                                  
green                 5 (4:FALSE)      --              FALSE  ../GaussFilter.h,l:30,c:11                          
                                                                                                                  
blue                  5 (4:FALSE)      --              FALSE  ../GaussFilter.h,l:30,c:18                          
                                                                                                                  
red                   6 (5:FALSE)      --              FALSE  ../GaussFilter.h,l:30,c:6                           
                                                                                                                  
green                 6 (5:FALSE)      --              FALSE  ../GaussFilter.h,l:30,c:11                          
                                                                                                                  
blue                  6 (5:FALSE)      --              FALSE  ../GaussFilter.h,l:30,c:18                          
                                                                                                                  
v                     6 (5:FALSE)      --              FALSE  ../GaussFilter.cpp,l:39,c:21 -> c:42                
                                                                                                                  
[1].v                 6 (5:FALSE)      --              FALSE  ../GaussFilter.cpp,l:40,c:4                         
                                                                                                                  
[1].v                 6 (5:FALSE)      --              FALSE  ../GaussFilter.cpp,l:40,c:4                         
                                                                                                                  
[2].v                 6 (5:FALSE)      --              FALSE  ../GaussFilter.cpp,l:40,c:4                         
                                                                                                                  
[2].v                 6 (5:FALSE)      --              FALSE  ../GaussFilter.cpp,l:40,c:4                         
                                                                                                                  
                      6 (5:FALSE)      --              FALSE  f:../GaussFilter.cpp,l:39,c:40                      
                                                                                                                  
[0].mask              6 (5:FALSE)      --              FALSE  ../GaussFilter.cpp,l:40,c:4                         
                                                                                                                  
i_rgb.m_busy_req_0.[  7 (6:FALSE)      --              FALSE  @(f:../GaussFilter.h,l:18,c:37->f:/usr/cadtool/cad  
                                                                                                                  
i_rgb                 9 (8:TRUE)       --              FALSE  ../GaussFilter.h,l:18,c:37                          
                                                                                                                  
do_filter::[0].get    9 (8:TRUE)       --              FALSE  ../GaussFilter.cpp,l:26,c:19 mapped                 
                                                                                                                  
[0].mask              9 (8:TRUE)       --              FALSE  ../GaussFilter.cpp,l:40,c:4                         
                                                                                                                  
[0].mask              9 (8:TRUE)       --              FALSE  ../GaussFilter.cpp,l:40,c:4                         
                                                                                                                  
i_rgb.m_busy_req_0.[  10 (9:FALSE)     --              FALSE  @(f:../GaussFilter.h,l:18,c:37->f:/usr/cadtool/cad  
                                                                                                                  
i_rgb.data.[0].get::  12 (11:FALSE)    --              FALSE  @(f:../GaussFilter.h,l:18,c:37->f:/usr/cadtool/cad  
                                                                                                                  
[0]                   12 (11:FALSE)    --              FALSE  ../GaussFilter.cpp,l:40,c:4 -> l:59,c:27            
                                                                                                                  
[0]                   12 (11:FALSE)    --              FALSE  ../GaussFilter.cpp,l:40,c:4 -> l:59,c:9             
                                                                                                                  
[0]                   13 (12:TRUE)     --              FALSE  ../GaussFilter.cpp,l:40,c:4 -> l:60,c:30            
                                                                                                                  
[0]                   13 (12:TRUE)     --              FALSE  ../GaussFilter.cpp,l:40,c:4 -> l:60,c:11            
                                                                                                                  
i_rgb.m_busy_req_0.[  14 (13:FALSE)    --              FALSE  @(f:../GaussFilter.h,l:18,c:37->f:/usr/cadtool/cad  
                                                                                                                  
i_rgb                 16 (15:TRUE)     --              FALSE  ../GaussFilter.h,l:18,c:37                          
                                                                                                                  
do_filter::[1].get    16 (15:TRUE)     --              FALSE  ../GaussFilter.cpp,l:26,c:19 mapped                 
                                                                                                                  
[0]                   16 (15:TRUE)     --              FALSE  ../GaussFilter.cpp,l:40,c:4 -> l:61,c:31            
                                                                                                                  
[0]                   16 (15:TRUE)     --              FALSE  ../GaussFilter.cpp,l:40,c:4 -> l:61,c:10            
                                                                                                                  
i_rgb.m_busy_req_0.[  17 (16:FALSE)    --              FALSE  @(f:../GaussFilter.h,l:18,c:37->f:/usr/cadtool/cad  
                                                                                                                  
i_rgb.data.[1].get::  19 (18:FALSE)    --              FALSE  @(f:../GaussFilter.h,l:18,c:37->f:/usr/cadtool/cad  
                                                                                                                  
[1]                   20 (19:TRUE)     --              FALSE  ../GaussFilter.cpp,l:40,c:4 -> l:59,c:27            
                                                                                                                  
[1]                   20 (19:TRUE)     --              FALSE  ../GaussFilter.cpp,l:40,c:4 -> l:59,c:9             
                                                                                                                  
i_rgb.m_busy_req_0.[  21 (20:FALSE)    --              FALSE  @(f:../GaussFilter.h,l:18,c:37->f:/usr/cadtool/cad  
                                                                                                                  
i_rgb                 23 (22:TRUE)     --              FALSE  ../GaussFilter.h,l:18,c:37                          
                                                                                                                  
do_filter::[2].get    23 (22:TRUE)     --              FALSE  ../GaussFilter.cpp,l:26,c:19 mapped                 
                                                                                                                  
[1]                   23 (22:TRUE)     --              FALSE  ../GaussFilter.cpp,l:40,c:4 -> l:60,c:30            
                                                                                                                  
[1]                   23 (22:TRUE)     --              FALSE  ../GaussFilter.cpp,l:40,c:4 -> l:60,c:11            
                                                                                                                  
i_rgb.m_busy_req_0.[  24 (23:FALSE)    --              FALSE  @(f:../GaussFilter.h,l:18,c:37->f:/usr/cadtool/cad  
                                                                                                                  
i_rgb.data.[2].get::  26 (25:FALSE)    --              FALSE  @(f:../GaussFilter.h,l:18,c:37->f:/usr/cadtool/cad  
                                                                                                                  
[1]                   27 (26:TRUE)     --              FALSE  ../GaussFilter.cpp,l:40,c:4 -> l:61,c:31            
                                                                                                                  
[1]                   27 (26:TRUE)     --              FALSE  ../GaussFilter.cpp,l:40,c:4 -> l:61,c:10            
                                                                                                                  
[2].mask              28 (27:TRUE)     --              FALSE  ../GaussFilter.cpp,l:40,c:4                         
                                                                                                                  
[2]                   28 (27:TRUE)     --              FALSE  ../GaussFilter.cpp,l:40,c:4 -> l:59,c:27            
                                                                                                                  
[2]                   28 (27:TRUE)     --              FALSE  ../GaussFilter.cpp,l:40,c:4 -> l:59,c:9             
                                                                                                                  
[2]                   29 (27:TRUE)     --              FALSE  ../GaussFilter.cpp,l:40,c:4 -> l:60,c:30            
                                                                                                                  
[2]                   29 (27:TRUE)     --              FALSE  ../GaussFilter.cpp,l:40,c:4 -> l:60,c:11            
                                                                                                                  
                      30 (27:TRUE)     --              FALSE  f:../GaussFilter.cpp,l:39,c:30                      
                                                                                                                  
[2]                   30 (27:TRUE)     --              FALSE  ../GaussFilter.cpp,l:40,c:4 -> l:61,c:31            
                                                                                                                  
[2]                   30 (27:TRUE)     --              FALSE  ../GaussFilter.cpp,l:40,c:4 -> l:61,c:10            
                                                                                                                  
                      32 (29:FALSE)    --              FALSE  f:../GaussFilter.cpp,l:65,c:47                      
                                                                                                                  
                      33 (29:TRUE)     --              FALSE  f:../GaussFilter.cpp,l:65,c:47                      
                                                                                                                  
                      33 (29:TRUE)     --              FALSE  f:../GaussFilter.cpp,l:66,c:50                      
                                                                                                                  
                      33 (29:TRUE)     --              FALSE  f:../GaussFilter.cpp,l:65,c:47                      
                                                                                                                  
max                   33 (29:TRUE)     --              FALSE  ../GaussFilter.cpp,l:65,c:30                        
                                                                                                                  
f:../GaussFilter.cpp  33 (29:TRUE)     --              FALSE  & max @c:30                                         
                                                                                                                  
min                   33 (29:TRUE)     --              FALSE  ../GaussFilter.cpp,l:65,c:21                        
                                                                                                                  
f:../GaussFilter.cpp  33 (29:TRUE)     --              FALSE  & min @c:21                                         
                                                                                                                  
                      34 (29:TRUE)     --              FALSE  f:../GaussFilter.cpp,l:66,c:50                      
                                                                                                                  
                      34 (29:TRUE)     --              FALSE  f:../GaussFilter.cpp,l:67,c:50                      
                                                                                                                  
                      34 (29:TRUE)     --              FALSE  f:../GaussFilter.cpp,l:66,c:50                      
                                                                                                                  
max                   34 (29:TRUE)     --              FALSE  ../GaussFilter.cpp,l:66,c:31                        
                                                                                                                  
f:../GaussFilter.cpp  34 (29:TRUE)     --              FALSE  & max @c:31                                         
                                                                                                                  
min                   34 (29:TRUE)     --              FALSE  ../GaussFilter.cpp,l:66,c:22                        
                                                                                                                  
f:../GaussFilter.cpp  34 (29:TRUE)     --              FALSE  & min @c:22                                         
                                                                                                                  
                      35 (29:TRUE)     --              FALSE  f:../GaussFilter.cpp,l:67,c:50                      
                                                                                                                  
                      35 (29:TRUE)     --              FALSE  f:../GaussFilter.cpp,l:67,c:50                      
                                                                                                                  
max                   35 (29:TRUE)     --              FALSE  ../GaussFilter.cpp,l:67,c:32                        
                                                                                                                  
f:../GaussFilter.cpp  35 (29:TRUE)     --              FALSE  & max @c:32                                         
                                                                                                                  
min                   35 (29:TRUE)     --              FALSE  ../GaussFilter.cpp,l:67,c:23                        
                                                                                                                  
f:../GaussFilter.cpp  35 (29:TRUE)     --              FALSE  & min @c:23                                         
                                                                                                                  
rgb                   35 (29:TRUE)     --              FALSE  ../GaussFilter.cpp,l:64,c:22 -> l:67,c:3            
                                                                                                                  
o_rgb.data.put::nb_p  36 (30:FALSE)    --              FALSE  @(f:../GaussFilter.h,l:19,c:38->f:/usr/cadtool/cad  
                                                                                                                  
o_rgb                 36 (30:FALSE)    --              FALSE  ../GaussFilter.h,l:19,c:38                          
                                                                                                                  
o_rgb.m_req.m_trig_r  36 (30:FALSE)    --              FALSE  @(f:../GaussFilter.h,l:19,c:38->f:/usr/cadtool/cad  
                                                                                                                  
o_rgb                 38 (32:TRUE)     --              FALSE  ../GaussFilter.h,l:19,c:38                          
                                                                                                                  
do_filter::put        38 (32:TRUE)     --              FALSE  ../GaussFilter.cpp,l:26,c:19 mapped                 
                                                                                                                  
                                                                                                                  
Scheduler report for : gen_stalling                                                                               
-----------------------------------                                                                                            
                                                                                                                  
Op                    SID(BB;Clocked)  Pipeline Stage  IS     SRCLOC                                              
--                    ---------------  --------------  --     ------                                              
                                                                                                                  
o_rgb.gen_stalling    5 (4:TRUE)       --              FALSE  ../GaussFilter.h,l:19,c:38                          
                                                                                                                  
o_rgb.gen_stalling    6 (5:FALSE)      --              FALSE  ../GaussFilter.h,l:19,c:38                          
                                                                                                                  
o_rgb.gen_stalling    6 (5:FALSE)      --              FALSE  ../GaussFilter.h,l:19,c:38                          
                                                                                                                  
o_rgb.gen_stalling    6 (5:FALSE)      --              FALSE  ../GaussFilter.h,l:19,c:38                          
                                                                                                                  
                                                                                                                  
Scheduler report for : gen_unacked_req                                                                            
--------------------------------------                                                                                            
                                                                                                                  
Op                    SID(BB;Clocked)  Pipeline Stage  IS     SRCLOC                                              
--                    ---------------  --------------  --     ------                                              
                                                                                                                  
o_rgb.gen_unacked_re  6 (5:FALSE)      --              FALSE  ../GaussFilter.h,l:19,c:38                          
                                                                                                                  
o_rgb.gen_unacked_re  12 (11:FALSE)    --              FALSE  ../GaussFilter.h,l:19,c:38                          
                                                                                                                  
o_rgb.gen_unacked_re  12 (11:FALSE)    --              FALSE  ../GaussFilter.h,l:19,c:38                          
                                                                                                                  
                                                                                                                  
Scheduler report for : gen_do_reg_vld                                                                             
-------------------------------------                                                                                            
                                                                                                                  
Op                    SID(BB;Clocked)  Pipeline Stage  IS     SRCLOC                                              
--                    ---------------  --------------  --     ------                                              
                                                                                                                  
i_rgb.gen_do_reg_vld  8 (7:FALSE)      --              FALSE  ../GaussFilter.h,l:18,c:37                          
                                                                                                                  
i_rgb                 10 (9:FALSE)     --              FALSE  ../GaussFilter.h,l:18,c:37                          
                                                                                                                  
i_rgb.gen_do_reg_vld  11 (10:TRUE)     --              FALSE  ../GaussFilter.h,l:18,c:37                          
                                                                                                                  
i_rgb.gen_do_reg_vld  14 (13:FALSE)    --              FALSE  ../GaussFilter.h,l:18,c:37                          
                                                                                                                  
i_rgb.gen_do_reg_vld  14 (13:FALSE)    --              FALSE  ../GaussFilter.h,l:18,c:37                          
                                                                                                                  
i_rgb.gen_do_reg_vld  14 (13:FALSE)    --              FALSE  ../GaussFilter.h,l:18,c:37                          
                                                                                                                  
i_rgb.gen_do_reg_vld  14 (13:FALSE)    --              FALSE  ../GaussFilter.h,l:18,c:37                          
                                                                                                                  
                                                                                                                  
Scheduler report for : gen_busy                                                                                   
-------------------------------                                                                                            
                                                                                                                  
Op                    SID(BB;Clocked)  Pipeline Stage  IS     SRCLOC                                              
--                    ---------------  --------------  --     ------                                              
                                                                                                                  
i_rgb.gen_busy::use_  7 (6:FALSE)      --              FALSE  ../GaussFilter.h,l:18,c:37                          
                                                                                                                  
i_rgb.gen_busy        7 (6:FALSE)      --              FALSE  ../GaussFilter.h,l:18,c:37                          
                                                                                                                  
i_rgb.gen_busy        7 (6:FALSE)      --              FALSE  ../GaussFilter.h,l:18,c:37                          
                                                                                                                  
i_rgb.gen_busy        7 (6:FALSE)      --              FALSE  ../GaussFilter.h,l:18,c:37                          
                                                                                                                  
i_rgb.gen_busy        7 (6:FALSE)      --              FALSE  ../GaussFilter.h,l:18,c:37                          
                                                                                                                  
i_rgb.gen_busy        7 (6:FALSE)      --              FALSE  ../GaussFilter.h,l:18,c:37                          
                                                                                                                  
i_rgb.gen_busy        7 (6:FALSE)      --              FALSE  ../GaussFilter.h,l:18,c:37                          
                                                                                                                  
i_rgb.gen_busy        8 (7:FALSE)      --              FALSE  ../GaussFilter.h,l:18,c:37                          
                                                                                                                  
i_rgb.gen_busy        8 (7:FALSE)      --              FALSE  ../GaussFilter.h,l:18,c:37                          
                                                                                                                  
i_rgb.gen_busy        8 (7:FALSE)      --              FALSE  ../GaussFilter.h,l:18,c:37                          
                                                                                                                  
i_rgb.gen_busy        8 (7:FALSE)      --              FALSE  ../GaussFilter.h,l:18,c:37                          
                                                                                                                  
                                                                                                                  
